#
# There is insufficient memory for the Java Runtime Environment to continue.
# Native memory allocation (mmap) failed to map 268435456 bytes for Failed to commit area from 0x0000000701200000 to 0x0000000711200000 of length 268435456.
# Possible reasons:
#   The system is out of physical RAM or swap space
#   The process is running with CompressedOops enabled, and the Java Heap may be blocking the growth of the native heap
# Possible solutions:
#   Reduce memory load on the system
#   Increase physical memory or swap space
#   Check if swap backing store is full
#   Decrease Java heap size (-Xmx/-Xms)
#   Decrease number of Java threads
#   Decrease Java thread stack sizes (-Xss)
#   Set larger code cache with -XX:ReservedCodeCacheSize=
# This output file may be truncated or incomplete.
#
#  Out of Memory Error (./src/hotspot/os/windows/os_windows.cpp:3387), pid=32056, tid=22256
#
# JRE version:  (11.0.14.1+1) (build )
# Java VM: OpenJDK 64-Bit Server VM (11.0.14.1+1, mixed mode, sharing, tiered, compressed oops, g1 gc, windows-amd64)
# No core dump will be written. Minidumps are not enabled by default on client versions of Windows
#

---------------  S U M M A R Y ------------

Command Line: -Dfile.encoding=UTF-8 

Host: Intel(R) Core(TM) i7-9750HF CPU @ 2.60GHz, 12 cores, 15G,  Windows 11 , 64 bit Build 22621 (10.0.22621.1778)
Time: Thu Jun 29 17:15:49 2023 Eastern Daylight Time elapsed time: 0.015316 seconds (0d 0h 0m 0s)

---------------  T H R E A D  ---------------

Current thread (0x00000222a9529000):  JavaThread "Unknown thread" [_thread_in_vm, id=22256, stack(0x0000009ca2000000,0x0000009ca2100000)]

Stack: [0x0000009ca2000000,0x0000009ca2100000]
Native frames: (J=compiled Java code, j=interpreted, Vv=VM code, C=native code)
V  [jvm.dll+0x61e59a]
V  [jvm.dll+0x7aaca9]
V  [jvm.dll+0x7ac398]
V  [jvm.dll+0x7aca73]
V  [jvm.dll+0x24f9b8]
V  [jvm.dll+0x61b83a]
V  [jvm.dll+0x6100c5]
V  [jvm.dll+0x30772c]
V  [jvm.dll+0x3075b2]
V  [jvm.dll+0x30c2d6]
V  [jvm.dll+0x35272f]
V  [jvm.dll+0x352160]
V  [jvm.dll+0x2e4728]
V  [jvm.dll+0x2e5886]
V  [jvm.dll+0x784b07]
V  [jvm.dll+0x78628f]
V  [jvm.dll+0x35f479]
V  [jvm.dll+0x767aa0]
V  [jvm.dll+0x3ccf1f]
V  [jvm.dll+0x3cf2b1]
C  [jli.dll+0x5207]
C  [ucrtbase.dll+0x29363]
C  [KERNEL32.DLL+0x126ad]
C  [ntdll.dll+0x5a9f8]


---------------  P R O C E S S  ---------------

Threads class SMR info:
_java_thread_list=0x00000222a72a36c0, length=0, elements={
}

Java Threads: ( => current thread )

Other Threads:
  0x00000222a9541800 GCTaskThread "GC Thread#0" [stack: 0x0000009ca2100000,0x0000009ca2200000] [id=23280]
  0x00000222a959e800 ConcurrentGCThread "G1 Main Marker" [stack: 0x0000009ca2200000,0x0000009ca2300000] [id=6996]
  0x00000222a95a3800 ConcurrentGCThread "G1 Conc#0" [stack: 0x0000009ca2300000,0x0000009ca2400000] [id=27088]

[error occurred during error reporting (printing all threads), id 0xc0000005, EXCEPTION_ACCESS_VIOLATION (0xc0000005) at pc=0x00007ff875013ef7]

VM state:not at safepoint (not fully initialized)

VM Mutex/Monitor currently owned by a thread:  ([mutex/lock_event])
[0x00000222a9525700] Heap_lock - owner thread: 0x00000222a9529000

Heap address: 0x0000000701200000, size: 4078 MB, Compressed Oops mode: Non-zero based: 0x0000000701200000
Narrow klass base: 0x0000000000000000, Narrow klass shift: 0

GC Heap History (0 events):
No events

Deoptimization events (0 events):
No events

Classes redefined (0 events):
No events

Internal exceptions (0 events):
No events

Events (1 events):
Event: 0.011 Loaded shared library E:\Unity\Unity Hub\2022.3.2f1\Editor\Data\PlaybackEngines\AndroidPlayer\OpenJDK\bin\zip.dll


Dynamic libraries:
0x00007ff73c1a0000 - 0x00007ff73c1ad000 	E:\Unity\Unity Hub\2022.3.2f1\Editor\Data\PlaybackEngines\AndroidPlayer\OpenJDK\bin\java.exe
0x00007ff8f40b0000 - 0x00007ff8f42c4000 	C:\WINDOWS\SYSTEM32\ntdll.dll
0x00007ff8f2fe0000 - 0x00007ff8f30a2000 	C:\WINDOWS\System32\KERNEL32.DLL
0x00007ff8f1710000 - 0x00007ff8f1ab3000 	C:\WINDOWS\System32\KERNELBASE.dll
0x00007ff8f1d00000 - 0x00007ff8f1e11000 	C:\WINDOWS\System32\ucrtbase.dll
0x00007ff8e0fc0000 - 0x00007ff8e0fd7000 	E:\Unity\Unity Hub\2022.3.2f1\Editor\Data\PlaybackEngines\AndroidPlayer\OpenJDK\bin\jli.dll
0x00007ff8cfb80000 - 0x00007ff8cfb95000 	E:\Unity\Unity Hub\2022.3.2f1\Editor\Data\PlaybackEngines\AndroidPlayer\OpenJDK\bin\VCRUNTIME140.dll
0x00007ff8f3ab0000 - 0x00007ff8f3c5b000 	C:\WINDOWS\System32\USER32.dll
0x00007ff8df050000 - 0x00007ff8df2de000 	C:\WINDOWS\WinSxS\amd64_microsoft.windows.common-controls_6595b64144ccf1df_6.0.22621.1635_none_270f70857386168e\COMCTL32.dll
0x00007ff8f1620000 - 0x00007ff8f1646000 	C:\WINDOWS\System32\win32u.dll
0x00007ff8f2070000 - 0x00007ff8f2117000 	C:\WINDOWS\System32\msvcrt.dll
0x00007ff8f2120000 - 0x00007ff8f2149000 	C:\WINDOWS\System32\GDI32.dll
0x00007ff8f1b40000 - 0x00007ff8f1c59000 	C:\WINDOWS\System32\gdi32full.dll
0x00007ff8f1c60000 - 0x00007ff8f1cfa000 	C:\WINDOWS\System32\msvcp_win.dll
0x00007ff8f3990000 - 0x00007ff8f39c1000 	C:\WINDOWS\System32\IMM32.DLL
0x00007ff8ba090000 - 0x00007ff8ba12b000 	E:\Unity\Unity Hub\2022.3.2f1\Editor\Data\PlaybackEngines\AndroidPlayer\OpenJDK\bin\msvcp140.dll
0x00007ff874d20000 - 0x00007ff8758a1000 	E:\Unity\Unity Hub\2022.3.2f1\Editor\Data\PlaybackEngines\AndroidPlayer\OpenJDK\bin\server\jvm.dll
0x00007ff8f1fc0000 - 0x00007ff8f206e000 	C:\WINDOWS\System32\ADVAPI32.dll
0x00007ff8f3f00000 - 0x00007ff8f3fa4000 	C:\WINDOWS\System32\sechost.dll
0x00007ff8f3650000 - 0x00007ff8f3767000 	C:\WINDOWS\System32\RPCRT4.dll
0x00007ff8f3110000 - 0x00007ff8f3118000 	C:\WINDOWS\System32\PSAPI.DLL
0x00007ff8d2740000 - 0x00007ff8d2749000 	C:\WINDOWS\SYSTEM32\WSOCK32.dll
0x00007ff8e8570000 - 0x00007ff8e85a4000 	C:\WINDOWS\SYSTEM32\WINMM.dll
0x00007ff8f2310000 - 0x00007ff8f2381000 	C:\WINDOWS\System32\WS2_32.dll
0x00007ff8e94c0000 - 0x00007ff8e94ca000 	C:\WINDOWS\SYSTEM32\VERSION.dll
0x00007ff8f04c0000 - 0x00007ff8f04d8000 	C:\WINDOWS\SYSTEM32\kernel.appcore.dll
0x00007ff8e31e0000 - 0x00007ff8e31f0000 	E:\Unity\Unity Hub\2022.3.2f1\Editor\Data\PlaybackEngines\AndroidPlayer\OpenJDK\bin\verify.dll
0x00007ff8eee40000 - 0x00007ff8ef06e000 	C:\WINDOWS\SYSTEM32\DBGHELP.DLL
0x00007ff8f2c10000 - 0x00007ff8f2f99000 	C:\WINDOWS\System32\combase.dll
0x00007ff8f39d0000 - 0x00007ff8f3aa7000 	C:\WINDOWS\System32\OLEAUT32.dll
0x00007ff8cf6b0000 - 0x00007ff8cf6e2000 	C:\WINDOWS\SYSTEM32\dbgcore.DLL
0x00007ff8f1ac0000 - 0x00007ff8f1b3b000 	C:\WINDOWS\System32\bcryptPrimitives.dll
0x00007ff8c0660000 - 0x00007ff8c0688000 	E:\Unity\Unity Hub\2022.3.2f1\Editor\Data\PlaybackEngines\AndroidPlayer\OpenJDK\bin\java.dll
0x00007ff8e3130000 - 0x00007ff8e313a000 	E:\Unity\Unity Hub\2022.3.2f1\Editor\Data\PlaybackEngines\AndroidPlayer\OpenJDK\bin\jimage.dll
0x00007ff8c9e70000 - 0x00007ff8c9e88000 	E:\Unity\Unity Hub\2022.3.2f1\Editor\Data\PlaybackEngines\AndroidPlayer\OpenJDK\bin\zip.dll

dbghelp: loaded successfully - version: 4.0.5 - missing functions: none
symbol engine: initialized successfully - sym options: 0x614 - pdb path: .;E:\Unity\Unity Hub\2022.3.2f1\Editor\Data\PlaybackEngines\AndroidPlayer\OpenJDK\bin;C:\WINDOWS\SYSTEM32;C:\WINDOWS\WinSxS\amd64_microsoft.windows.common-controls_6595b64144ccf1df_6.0.22621.1635_none_270f70857386168e;E:\Unity\Unity Hub\2022.3.2f1\Editor\Data\PlaybackEngines\AndroidPlayer\OpenJDK\bin\server

VM Arguments:
jvm_args: -Dfile.encoding=UTF-8 
java_command: <unknown>
java_class_path (initial): <not set>
Launcher Type: SUN_STANDARD

[Global flags]
     intx CICompilerCount                          = 4                                         {product} {ergonomic}
     uint ConcGCThreads                            = 3                                         {product} {ergonomic}
     uint G1ConcRefinementThreads                  = 10                                        {product} {ergonomic}
   size_t G1HeapRegionSize                         = 1048576                                   {product} {ergonomic}
    uintx GCDrainStackTargetSize                   = 64                                        {product} {ergonomic}
   size_t InitialHeapSize                          = 268435456                                 {product} {ergonomic}
   size_t MarkStackSize                            = 4194304                                   {product} {ergonomic}
   size_t MaxHeapSize                              = 4276092928                                {product} {ergonomic}
   size_t MinHeapDeltaBytes                        = 1048576                                   {product} {ergonomic}
    uintx NonNMethodCodeHeapSize                   = 5836300                                {pd product} {ergonomic}
    uintx NonProfiledCodeHeapSize                  = 122910970                              {pd product} {ergonomic}
    uintx ProfiledCodeHeapSize                     = 122910970                              {pd product} {ergonomic}
    uintx ReservedCodeCacheSize                    = 251658240                              {pd product} {ergonomic}
     bool SegmentedCodeCache                       = true                                      {product} {ergonomic}
     bool UseCompressedClassPointers               = true                                 {lp64_product} {ergonomic}
     bool UseCompressedOops                        = true                                 {lp64_product} {ergonomic}
     bool UseG1GC                                  = true                                      {product} {ergonomic}
     bool UseLargePagesIndividualAllocation        = false                                  {pd product} {ergonomic}

Logging:
Log output configuration:
 #0: stdout all=warning uptime,level,tags
 #1: stderr all=off uptime,level,tags

Environment Variables:
JAVA_HOME=E:\Unity\Unity Hub\2022.3.2f1\Editor\Data\PlaybackEngines\AndroidPlayer\OpenJDK
JAVA_TOOL_OPTIONS=-Dfile.encoding=UTF-8
PATH=C:\Program Files\Oculus\Support\oculus-runtime;C:\Windows\system32;C:\Windows;C:\Windows\System32\Wbem;C:\Windows\System32\WindowsPowerShell\v1.0\;C:\Windows\System32\OpenSSH\;C:\Program Files\NVIDIA Corporation\NVIDIA NvDLISR;C:\WINDOWS\system32;C:\WINDOWS;C:\WINDOWS\System32\Wbem;C:\WINDOWS\System32\WindowsPowerShell\v1.0\;C:\WINDOWS\System32\OpenSSH\;C:\Program Files\Docker\Docker\resources\bin;C:\Program Files\Microsoft VS Code\bin;C:\Program Files (x86)\NVIDIA Corporation\PhysX\Common;C:\Users\moham\AppData\Local\Microsoft\WindowsApps;C:\Users\moham\AppData\Local\Pandoc\;
USERNAME=moham
OS=Windows_NT
PROCESSOR_IDENTIFIER=Intel64 Family 6 Model 158 Stepping 13, GenuineIntel



---------------  S Y S T E M  ---------------

OS: Windows 11 , 64 bit Build 22621 (10.0.22621.1778)
OS uptime: 0 days 22:34 hours
Hyper-V role detected

CPU:total 12 (initial active 12) (6 cores per cpu, 2 threads per core) family 6 model 158 stepping 13 microcode 0xea, cmov, cx8, fxsr, mmx, sse, sse2, sse3, ssse3, sse4.1, sse4.2, popcnt, avx, avx2, aes, clmul, erms, 3dnowpref, lzcnt, ht, tsc, tscinvbit, bmi1, bmi2, adx, fma

Memory: 4k page, system-wide physical 16304M (1642M free)
TotalPageFile size 41904M (AvailPageFile size 172M)
current process WorkingSet (physical memory assigned to process): 10M, peak: 10M
current process commit charge ("private bytes"): 65M, peak: 320M

vm_info: OpenJDK 64-Bit Server VM (11.0.14.1+1) for windows-amd64 JRE (11.0.14.1+1), built on Feb  9 2022 01:48:27 by "" with unknown MS VC++:1916

END.
