#
# There is insufficient memory for the Java Runtime Environment to continue.
# Native memory allocation (malloc) failed to allocate 1007216 bytes for Chunk::new
# Possible reasons:
#   The system is out of physical RAM or swap space
#   The process is running with CompressedOops enabled, and the Java Heap may be blocking the growth of the native heap
# Possible solutions:
#   Reduce memory load on the system
#   Increase physical memory or swap space
#   Check if swap backing store is full
#   Decrease Java heap size (-Xmx/-Xms)
#   Decrease number of Java threads
#   Decrease Java thread stack sizes (-Xss)
#   Set larger code cache with -XX:ReservedCodeCacheSize=
#   JVM is running with Zero Based Compressed Oops mode in which the Java heap is
#     placed in the first 32GB address space. The Java Heap base address is the
#     maximum limit for the native heap growth. Please use -XX:HeapBaseMinAddress
#     to set the Java Heap base and to place the Java Heap above 32GB virtual address.
# This output file may be truncated or incomplete.
#
#  Out of Memory Error (./src/hotspot/share/memory/arena.cpp:197), pid=33236, tid=27792
#
# JRE version: OpenJDK Runtime Environment Temurin-11.0.14.1+1 (11.0.14.1+1) (build 11.0.14.1+1)
# Java VM: OpenJDK 64-Bit Server VM Temurin-11.0.14.1+1 (11.0.14.1+1, mixed mode, tiered, compressed oops, g1 gc, windows-amd64)
# No core dump will be written. Minidumps are not enabled by default on client versions of Windows
#

---------------  S U M M A R Y ------------

Command Line: -Dfile.encoding=UTF-8 -Dcom.android.sdklib.toolsdir=E:\Unity\Unity Hub\2022.3.2f1\Editor\Data\PlaybackEngines\AndroidPlayer\SDK\cmdline-tools\6.0\bin\\.. com.android.sdklib.tool.sdkmanager.SdkManagerCli --list

Host: Intel(R) Core(TM) i7-9750HF CPU @ 2.60GHz, 12 cores, 15G,  Windows 11 , 64 bit Build 22621 (10.0.22621.1778)
Time: Thu Jun 29 17:11:38 2023 Eastern Daylight Time elapsed time: 1.678609 seconds (0d 0h 0m 1s)

---------------  T H R E A D  ---------------

Current thread (0x000001cdadc9e000):  JavaThread "C2 CompilerThread2" daemon [_thread_in_native, id=27792, stack(0x0000006f2a000000,0x0000006f2a100000)]


Current CompileTask:
C2:   1678 2317       4       com.sun.org.apache.xerces.internal.impl.XMLNSDocumentScannerImpl::scanStartElement (1026 bytes)

Stack: [0x0000006f2a000000,0x0000006f2a100000]
Native frames: (J=compiled Java code, j=interpreted, Vv=VM code, C=native code)
V  [jvm.dll+0x61e59a]
V  [jvm.dll+0x7aaca9]
V  [jvm.dll+0x7ac398]
V  [jvm.dll+0x7aca73]
V  [jvm.dll+0x24f9b8]
V  [jvm.dll+0xc260c]
V  [jvm.dll+0xc2bcc]
V  [jvm.dll+0x2c1884]
V  [jvm.dll+0x52d899]
V  [jvm.dll+0x20a79f]
V  [jvm.dll+0x207ccb]
V  [jvm.dll+0x18a2c1]
V  [jvm.dll+0x217734]
V  [jvm.dll+0x21597b]
V  [jvm.dll+0x76d7c0]
V  [jvm.dll+0x766724]
V  [jvm.dll+0x61d3f6]
C  [ucrtbase.dll+0x29363]
C  [KERNEL32.DLL+0x126ad]
C  [ntdll.dll+0x5a9f8]


---------------  P R O C E S S  ---------------

Threads class SMR info:
_java_thread_list=0x000001cdadc99b70, length=12, elements={
0x000001cd85c5e000, 0x000001cdabedf800, 0x000001cdabee1000, 0x000001cdabeeb000,
0x000001cdabeee800, 0x000001cdac7e4800, 0x000001cdac7e6000, 0x000001cdac7e8800,
0x000001cdac7ed800, 0x000001cdac978800, 0x000001cdaca0a000, 0x000001cdadc9e000
}

Java Threads: ( => current thread )
  0x000001cd85c5e000 JavaThread "main" [_thread_in_Java, id=20904, stack(0x0000006f28900000,0x0000006f28a00000)]
  0x000001cdabedf800 JavaThread "Reference Handler" daemon [_thread_blocked, id=16856, stack(0x0000006f29000000,0x0000006f29100000)]
  0x000001cdabee1000 JavaThread "Finalizer" daemon [_thread_blocked, id=10852, stack(0x0000006f29100000,0x0000006f29200000)]
  0x000001cdabeeb000 JavaThread "Signal Dispatcher" daemon [_thread_blocked, id=6720, stack(0x0000006f29200000,0x0000006f29300000)]
  0x000001cdabeee800 JavaThread "Attach Listener" daemon [_thread_blocked, id=13064, stack(0x0000006f29300000,0x0000006f29400000)]
  0x000001cdac7e4800 JavaThread "Service Thread" daemon [_thread_blocked, id=6976, stack(0x0000006f29400000,0x0000006f29500000)]
  0x000001cdac7e6000 JavaThread "C2 CompilerThread0" daemon [_thread_in_native, id=28604, stack(0x0000006f29500000,0x0000006f29600000)]
  0x000001cdac7e8800 JavaThread "C1 CompilerThread0" daemon [_thread_in_native, id=29508, stack(0x0000006f29600000,0x0000006f29700000)]
  0x000001cdac7ed800 JavaThread "Sweeper thread" daemon [_thread_blocked, id=29488, stack(0x0000006f29700000,0x0000006f29800000)]
  0x000001cdac978800 JavaThread "Common-Cleaner" daemon [_thread_blocked, id=33284, stack(0x0000006f29900000,0x0000006f29a00000)]
  0x000001cdaca0a000 JavaThread "C2 CompilerThread1" daemon [_thread_in_native, id=31308, stack(0x0000006f29a00000,0x0000006f29b00000)]
=>0x000001cdadc9e000 JavaThread "C2 CompilerThread2" daemon [_thread_in_native, id=27792, stack(0x0000006f2a000000,0x0000006f2a100000)]

Other Threads:
  0x000001cdabedd800 VMThread "VM Thread" [stack: 0x0000006f28f00000,0x0000006f29000000] [id=33304]
  0x000001cdac96c000 WatcherThread [stack: 0x0000006f29800000,0x0000006f29900000] [id=24896]
  0x000001cd87d52800 GCTaskThread "GC Thread#0" [stack: 0x0000006f28a00000,0x0000006f28b00000] [id=8420]
  0x000001cdad81e000 GCTaskThread "GC Thread#1" [stack: 0x0000006f29b00000,0x0000006f29c00000] [id=12668]
  0x000001cdad81e800 GCTaskThread "GC Thread#2" [stack: 0x0000006f29c00000,0x0000006f29d00000] [id=32472]
  0x000001cdad81f000 GCTaskThread "GC Thread#3" [stack: 0x0000006f29d00000,0x0000006f29e00000] [id=27620]
  0x000001cdadcaa000 GCTaskThread "GC Thread#4" [stack: 0x0000006f29e00000,0x0000006f29f00000] [id=25740]
  0x000001cdadcab000 GCTaskThread "GC Thread#5" [stack: 0x0000006f29f00000,0x0000006f2a000000] [id=30968]
  0x000001cd87db1800 ConcurrentGCThread "G1 Main Marker" [stack: 0x0000006f28b00000,0x0000006f28c00000] [id=30824]
  0x000001cd87db4000 ConcurrentGCThread "G1 Conc#0" [stack: 0x0000006f28c00000,0x0000006f28d00000] [id=28860]
  0x000001cdabdc5000 ConcurrentGCThread "G1 Refine#0" [stack: 0x0000006f28d00000,0x0000006f28e00000] [id=31768]
  0x000001cdabdc8000 ConcurrentGCThread "G1 Young RemSet Sampling" [stack: 0x0000006f28e00000,0x0000006f28f00000] [id=17364]

Threads with active compile tasks:
C2 CompilerThread0   1711 2319   !   4       com.sun.org.apache.xerces.internal.parsers.AbstractSAXParser::startElement (318 bytes)
C1 CompilerThread0   1711 2430       3       com.sun.org.apache.xerces.internal.impl.XMLEntityScanner::scanLiteral (384 bytes)
C2 CompilerThread1   1711 2406   !   4       com.sun.org.apache.xerces.internal.parsers.AbstractSAXParser::endElement (108 bytes)
C2 CompilerThread2   1712 2317       4       com.sun.org.apache.xerces.internal.impl.XMLNSDocumentScannerImpl::scanStartElement (1026 bytes)

VM state:not at safepoint (normal execution)

VM Mutex/Monitor currently owned by a thread:  ([mutex/lock_event])
[0x000001cd87d392f0] CodeCache_lock - owner thread: 0x000001cdac7e8800
[0x000001cd85c5abf0] Compile_lock - owner thread: 0x000001cdac7e8800
[0x000001cd85c5b190] MethodCompileQueue_lock - owner thread: 0x0000000000000000

Heap address: 0x0000000701200000, size: 4078 MB, Compressed Oops mode: Zero based, Oop shift amount: 3
Narrow klass base: 0x0000000800000000, Narrow klass shift: 0
Compressed class space size: 1073741824 Address: 0x0000000800000000

Heap:
 garbage-first heap   total 262144K, used 99679K [0x0000000701200000, 0x0000000800000000)
  region size 1024K, 98 young (100352K), 3 survivors (3072K)
 Metaspace       used 18428K, capacity 18811K, committed 19072K, reserved 1067008K
  class space    used 1798K, capacity 1894K, committed 1920K, reserved 1048576K
Heap Regions: E=young(eden), S=young(survivor), O=old, HS=humongous(starts), HC=humongous(continues), CS=collection set, F=free, A=archive, TAMS=top-at-mark-start (previous, next)
|   0|0x0000000701200000, 0x0000000701200000, 0x0000000701300000|  0%| F|  |TAMS 0x0000000701200000, 0x0000000701200000| Untracked 
|   1|0x0000000701300000, 0x0000000701357e00, 0x0000000701400000| 34%| O|  |TAMS 0x0000000701300000, 0x0000000701300000| Untracked 
|   2|0x0000000701400000, 0x0000000701400000, 0x0000000701500000|  0%| F|  |TAMS 0x0000000701400000, 0x0000000701400000| Untracked 
|   3|0x0000000701500000, 0x0000000701500000, 0x0000000701600000|  0%| F|  |TAMS 0x0000000701500000, 0x0000000701500000| Untracked 
|   4|0x0000000701600000, 0x0000000701600000, 0x0000000701700000|  0%| F|  |TAMS 0x0000000701600000, 0x0000000701600000| Untracked 
|   5|0x0000000701700000, 0x0000000701700000, 0x0000000701800000|  0%| F|  |TAMS 0x0000000701700000, 0x0000000701700000| Untracked 
|   6|0x0000000701800000, 0x0000000701800000, 0x0000000701900000|  0%| F|  |TAMS 0x0000000701800000, 0x0000000701800000| Untracked 
|   7|0x0000000701900000, 0x0000000701900000, 0x0000000701a00000|  0%| F|  |TAMS 0x0000000701900000, 0x0000000701900000| Untracked 
|   8|0x0000000701a00000, 0x0000000701a00000, 0x0000000701b00000|  0%| F|  |TAMS 0x0000000701a00000, 0x0000000701a00000| Untracked 
|   9|0x0000000701b00000, 0x0000000701b00000, 0x0000000701c00000|  0%| F|  |TAMS 0x0000000701b00000, 0x0000000701b00000| Untracked 
|  10|0x0000000701c00000, 0x0000000701c00000, 0x0000000701d00000|  0%| F|  |TAMS 0x0000000701c00000, 0x0000000701c00000| Untracked 
|  11|0x0000000701d00000, 0x0000000701d00000, 0x0000000701e00000|  0%| F|  |TAMS 0x0000000701d00000, 0x0000000701d00000| Untracked 
|  12|0x0000000701e00000, 0x0000000701e00000, 0x0000000701f00000|  0%| F|  |TAMS 0x0000000701e00000, 0x0000000701e00000| Untracked 
|  13|0x0000000701f00000, 0x0000000701f00000, 0x0000000702000000|  0%| F|  |TAMS 0x0000000701f00000, 0x0000000701f00000| Untracked 
|  14|0x0000000702000000, 0x0000000702000000, 0x0000000702100000|  0%| F|  |TAMS 0x0000000702000000, 0x0000000702000000| Untracked 
|  15|0x0000000702100000, 0x0000000702100000, 0x0000000702200000|  0%| F|  |TAMS 0x0000000702100000, 0x0000000702100000| Untracked 
|  16|0x0000000702200000, 0x0000000702200000, 0x0000000702300000|  0%| F|  |TAMS 0x0000000702200000, 0x0000000702200000| Untracked 
|  17|0x0000000702300000, 0x0000000702300000, 0x0000000702400000|  0%| F|  |TAMS 0x0000000702300000, 0x0000000702300000| Untracked 
|  18|0x0000000702400000, 0x0000000702400000, 0x0000000702500000|  0%| F|  |TAMS 0x0000000702400000, 0x0000000702400000| Untracked 
|  19|0x0000000702500000, 0x0000000702500000, 0x0000000702600000|  0%| F|  |TAMS 0x0000000702500000, 0x0000000702500000| Untracked 
|  20|0x0000000702600000, 0x0000000702600000, 0x0000000702700000|  0%| F|  |TAMS 0x0000000702600000, 0x0000000702600000| Untracked 
|  21|0x0000000702700000, 0x0000000702700000, 0x0000000702800000|  0%| F|  |TAMS 0x0000000702700000, 0x0000000702700000| Untracked 
|  22|0x0000000702800000, 0x0000000702800000, 0x0000000702900000|  0%| F|  |TAMS 0x0000000702800000, 0x0000000702800000| Untracked 
|  23|0x0000000702900000, 0x0000000702900000, 0x0000000702a00000|  0%| F|  |TAMS 0x0000000702900000, 0x0000000702900000| Untracked 
|  24|0x0000000702a00000, 0x0000000702a00000, 0x0000000702b00000|  0%| F|  |TAMS 0x0000000702a00000, 0x0000000702a00000| Untracked 
|  25|0x0000000702b00000, 0x0000000702b00000, 0x0000000702c00000|  0%| F|  |TAMS 0x0000000702b00000, 0x0000000702b00000| Untracked 
|  26|0x0000000702c00000, 0x0000000702c00000, 0x0000000702d00000|  0%| F|  |TAMS 0x0000000702c00000, 0x0000000702c00000| Untracked 
|  27|0x0000000702d00000, 0x0000000702d00000, 0x0000000702e00000|  0%| F|  |TAMS 0x0000000702d00000, 0x0000000702d00000| Untracked 
|  28|0x0000000702e00000, 0x0000000702e00000, 0x0000000702f00000|  0%| F|  |TAMS 0x0000000702e00000, 0x0000000702e00000| Untracked 
|  29|0x0000000702f00000, 0x0000000702f00000, 0x0000000703000000|  0%| F|  |TAMS 0x0000000702f00000, 0x0000000702f00000| Untracked 
|  30|0x0000000703000000, 0x0000000703000000, 0x0000000703100000|  0%| F|  |TAMS 0x0000000703000000, 0x0000000703000000| Untracked 
|  31|0x0000000703100000, 0x0000000703100000, 0x0000000703200000|  0%| F|  |TAMS 0x0000000703100000, 0x0000000703100000| Untracked 
|  32|0x0000000703200000, 0x0000000703200000, 0x0000000703300000|  0%| F|  |TAMS 0x0000000703200000, 0x0000000703200000| Untracked 
|  33|0x0000000703300000, 0x0000000703300000, 0x0000000703400000|  0%| F|  |TAMS 0x0000000703300000, 0x0000000703300000| Untracked 
|  34|0x0000000703400000, 0x0000000703400000, 0x0000000703500000|  0%| F|  |TAMS 0x0000000703400000, 0x0000000703400000| Untracked 
|  35|0x0000000703500000, 0x0000000703500000, 0x0000000703600000|  0%| F|  |TAMS 0x0000000703500000, 0x0000000703500000| Untracked 
|  36|0x0000000703600000, 0x0000000703600000, 0x0000000703700000|  0%| F|  |TAMS 0x0000000703600000, 0x0000000703600000| Untracked 
|  37|0x0000000703700000, 0x0000000703700000, 0x0000000703800000|  0%| F|  |TAMS 0x0000000703700000, 0x0000000703700000| Untracked 
|  38|0x0000000703800000, 0x0000000703800000, 0x0000000703900000|  0%| F|  |TAMS 0x0000000703800000, 0x0000000703800000| Untracked 
|  39|0x0000000703900000, 0x0000000703900000, 0x0000000703a00000|  0%| F|  |TAMS 0x0000000703900000, 0x0000000703900000| Untracked 
|  40|0x0000000703a00000, 0x0000000703a00000, 0x0000000703b00000|  0%| F|  |TAMS 0x0000000703a00000, 0x0000000703a00000| Untracked 
|  41|0x0000000703b00000, 0x0000000703b00000, 0x0000000703c00000|  0%| F|  |TAMS 0x0000000703b00000, 0x0000000703b00000| Untracked 
|  42|0x0000000703c00000, 0x0000000703c00000, 0x0000000703d00000|  0%| F|  |TAMS 0x0000000703c00000, 0x0000000703c00000| Untracked 
|  43|0x0000000703d00000, 0x0000000703d00000, 0x0000000703e00000|  0%| F|  |TAMS 0x0000000703d00000, 0x0000000703d00000| Untracked 
|  44|0x0000000703e00000, 0x0000000703e00000, 0x0000000703f00000|  0%| F|  |TAMS 0x0000000703e00000, 0x0000000703e00000| Untracked 
|  45|0x0000000703f00000, 0x0000000703f00000, 0x0000000704000000|  0%| F|  |TAMS 0x0000000703f00000, 0x0000000703f00000| Untracked 
|  46|0x0000000704000000, 0x0000000704000000, 0x0000000704100000|  0%| F|  |TAMS 0x0000000704000000, 0x0000000704000000| Untracked 
|  47|0x0000000704100000, 0x0000000704100000, 0x0000000704200000|  0%| F|  |TAMS 0x0000000704100000, 0x0000000704100000| Untracked 
|  48|0x0000000704200000, 0x0000000704200000, 0x0000000704300000|  0%| F|  |TAMS 0x0000000704200000, 0x0000000704200000| Untracked 
|  49|0x0000000704300000, 0x0000000704300000, 0x0000000704400000|  0%| F|  |TAMS 0x0000000704300000, 0x0000000704300000| Untracked 
|  50|0x0000000704400000, 0x0000000704400000, 0x0000000704500000|  0%| F|  |TAMS 0x0000000704400000, 0x0000000704400000| Untracked 
|  51|0x0000000704500000, 0x0000000704500000, 0x0000000704600000|  0%| F|  |TAMS 0x0000000704500000, 0x0000000704500000| Untracked 
|  52|0x0000000704600000, 0x0000000704600000, 0x0000000704700000|  0%| F|  |TAMS 0x0000000704600000, 0x0000000704600000| Untracked 
|  53|0x0000000704700000, 0x0000000704700000, 0x0000000704800000|  0%| F|  |TAMS 0x0000000704700000, 0x0000000704700000| Untracked 
|  54|0x0000000704800000, 0x0000000704800000, 0x0000000704900000|  0%| F|  |TAMS 0x0000000704800000, 0x0000000704800000| Untracked 
|  55|0x0000000704900000, 0x0000000704900000, 0x0000000704a00000|  0%| F|  |TAMS 0x0000000704900000, 0x0000000704900000| Untracked 
|  56|0x0000000704a00000, 0x0000000704a00000, 0x0000000704b00000|  0%| F|  |TAMS 0x0000000704a00000, 0x0000000704a00000| Untracked 
|  57|0x0000000704b00000, 0x0000000704b00000, 0x0000000704c00000|  0%| F|  |TAMS 0x0000000704b00000, 0x0000000704b00000| Untracked 
|  58|0x0000000704c00000, 0x0000000704c00000, 0x0000000704d00000|  0%| F|  |TAMS 0x0000000704c00000, 0x0000000704c00000| Untracked 
|  59|0x0000000704d00000, 0x0000000704d00000, 0x0000000704e00000|  0%| F|  |TAMS 0x0000000704d00000, 0x0000000704d00000| Untracked 
|  60|0x0000000704e00000, 0x0000000704e00000, 0x0000000704f00000|  0%| F|  |TAMS 0x0000000704e00000, 0x0000000704e00000| Untracked 
|  61|0x0000000704f00000, 0x0000000704f00000, 0x0000000705000000|  0%| F|  |TAMS 0x0000000704f00000, 0x0000000704f00000| Untracked 
|  62|0x0000000705000000, 0x0000000705000000, 0x0000000705100000|  0%| F|  |TAMS 0x0000000705000000, 0x0000000705000000| Untracked 
|  63|0x0000000705100000, 0x0000000705100000, 0x0000000705200000|  0%| F|  |TAMS 0x0000000705100000, 0x0000000705100000| Untracked 
|  64|0x0000000705200000, 0x0000000705200000, 0x0000000705300000|  0%| F|  |TAMS 0x0000000705200000, 0x0000000705200000| Untracked 
|  65|0x0000000705300000, 0x0000000705300000, 0x0000000705400000|  0%| F|  |TAMS 0x0000000705300000, 0x0000000705300000| Untracked 
|  66|0x0000000705400000, 0x0000000705400000, 0x0000000705500000|  0%| F|  |TAMS 0x0000000705400000, 0x0000000705400000| Untracked 
|  67|0x0000000705500000, 0x0000000705500000, 0x0000000705600000|  0%| F|  |TAMS 0x0000000705500000, 0x0000000705500000| Untracked 
|  68|0x0000000705600000, 0x0000000705600000, 0x0000000705700000|  0%| F|  |TAMS 0x0000000705600000, 0x0000000705600000| Untracked 
|  69|0x0000000705700000, 0x0000000705700000, 0x0000000705800000|  0%| F|  |TAMS 0x0000000705700000, 0x0000000705700000| Untracked 
|  70|0x0000000705800000, 0x0000000705800000, 0x0000000705900000|  0%| F|  |TAMS 0x0000000705800000, 0x0000000705800000| Untracked 
|  71|0x0000000705900000, 0x0000000705900000, 0x0000000705a00000|  0%| F|  |TAMS 0x0000000705900000, 0x0000000705900000| Untracked 
|  72|0x0000000705a00000, 0x0000000705a00000, 0x0000000705b00000|  0%| F|  |TAMS 0x0000000705a00000, 0x0000000705a00000| Untracked 
|  73|0x0000000705b00000, 0x0000000705b00000, 0x0000000705c00000|  0%| F|  |TAMS 0x0000000705b00000, 0x0000000705b00000| Untracked 
|  74|0x0000000705c00000, 0x0000000705c00000, 0x0000000705d00000|  0%| F|  |TAMS 0x0000000705c00000, 0x0000000705c00000| Untracked 
|  75|0x0000000705d00000, 0x0000000705d00000, 0x0000000705e00000|  0%| F|  |TAMS 0x0000000705d00000, 0x0000000705d00000| Untracked 
|  76|0x0000000705e00000, 0x0000000705e00000, 0x0000000705f00000|  0%| F|  |TAMS 0x0000000705e00000, 0x0000000705e00000| Untracked 
|  77|0x0000000705f00000, 0x0000000705f00000, 0x0000000706000000|  0%| F|  |TAMS 0x0000000705f00000, 0x0000000705f00000| Untracked 
|  78|0x0000000706000000, 0x0000000706000000, 0x0000000706100000|  0%| F|  |TAMS 0x0000000706000000, 0x0000000706000000| Untracked 
|  79|0x0000000706100000, 0x0000000706100000, 0x0000000706200000|  0%| F|  |TAMS 0x0000000706100000, 0x0000000706100000| Untracked 
|  80|0x0000000706200000, 0x0000000706200000, 0x0000000706300000|  0%| F|  |TAMS 0x0000000706200000, 0x0000000706200000| Untracked 
|  81|0x0000000706300000, 0x0000000706300000, 0x0000000706400000|  0%| F|  |TAMS 0x0000000706300000, 0x0000000706300000| Untracked 
|  82|0x0000000706400000, 0x0000000706400000, 0x0000000706500000|  0%| F|  |TAMS 0x0000000706400000, 0x0000000706400000| Untracked 
|  83|0x0000000706500000, 0x0000000706500000, 0x0000000706600000|  0%| F|  |TAMS 0x0000000706500000, 0x0000000706500000| Untracked 
|  84|0x0000000706600000, 0x0000000706600000, 0x0000000706700000|  0%| F|  |TAMS 0x0000000706600000, 0x0000000706600000| Untracked 
|  85|0x0000000706700000, 0x0000000706700000, 0x0000000706800000|  0%| F|  |TAMS 0x0000000706700000, 0x0000000706700000| Untracked 
|  86|0x0000000706800000, 0x0000000706800000, 0x0000000706900000|  0%| F|  |TAMS 0x0000000706800000, 0x0000000706800000| Untracked 
|  87|0x0000000706900000, 0x0000000706900000, 0x0000000706a00000|  0%| F|  |TAMS 0x0000000706900000, 0x0000000706900000| Untracked 
|  88|0x0000000706a00000, 0x0000000706a00000, 0x0000000706b00000|  0%| F|  |TAMS 0x0000000706a00000, 0x0000000706a00000| Untracked 
|  89|0x0000000706b00000, 0x0000000706b00000, 0x0000000706c00000|  0%| F|  |TAMS 0x0000000706b00000, 0x0000000706b00000| Untracked 
|  90|0x0000000706c00000, 0x0000000706c00000, 0x0000000706d00000|  0%| F|  |TAMS 0x0000000706c00000, 0x0000000706c00000| Untracked 
|  91|0x0000000706d00000, 0x0000000706d00000, 0x0000000706e00000|  0%| F|  |TAMS 0x0000000706d00000, 0x0000000706d00000| Untracked 
|  92|0x0000000706e00000, 0x0000000706e00000, 0x0000000706f00000|  0%| F|  |TAMS 0x0000000706e00000, 0x0000000706e00000| Untracked 
|  93|0x0000000706f00000, 0x0000000706f00000, 0x0000000707000000|  0%| F|  |TAMS 0x0000000706f00000, 0x0000000706f00000| Untracked 
|  94|0x0000000707000000, 0x0000000707000000, 0x0000000707100000|  0%| F|  |TAMS 0x0000000707000000, 0x0000000707000000| Untracked 
|  95|0x0000000707100000, 0x0000000707100000, 0x0000000707200000|  0%| F|  |TAMS 0x0000000707100000, 0x0000000707100000| Untracked 
|  96|0x0000000707200000, 0x0000000707200000, 0x0000000707300000|  0%| F|  |TAMS 0x0000000707200000, 0x0000000707200000| Untracked 
|  97|0x0000000707300000, 0x0000000707300000, 0x0000000707400000|  0%| F|  |TAMS 0x0000000707300000, 0x0000000707300000| Untracked 
|  98|0x0000000707400000, 0x0000000707400000, 0x0000000707500000|  0%| F|  |TAMS 0x0000000707400000, 0x0000000707400000| Untracked 
|  99|0x0000000707500000, 0x0000000707500000, 0x0000000707600000|  0%| F|  |TAMS 0x0000000707500000, 0x0000000707500000| Untracked 
| 100|0x0000000707600000, 0x0000000707600000, 0x0000000707700000|  0%| F|  |TAMS 0x0000000707600000, 0x0000000707600000| Untracked 
| 101|0x0000000707700000, 0x0000000707700000, 0x0000000707800000|  0%| F|  |TAMS 0x0000000707700000, 0x0000000707700000| Untracked 
| 102|0x0000000707800000, 0x0000000707800000, 0x0000000707900000|  0%| F|  |TAMS 0x0000000707800000, 0x0000000707800000| Untracked 
| 103|0x0000000707900000, 0x0000000707900000, 0x0000000707a00000|  0%| F|  |TAMS 0x0000000707900000, 0x0000000707900000| Untracked 
| 104|0x0000000707a00000, 0x0000000707a00000, 0x0000000707b00000|  0%| F|  |TAMS 0x0000000707a00000, 0x0000000707a00000| Untracked 
| 105|0x0000000707b00000, 0x0000000707b00000, 0x0000000707c00000|  0%| F|  |TAMS 0x0000000707b00000, 0x0000000707b00000| Untracked 
| 106|0x0000000707c00000, 0x0000000707c00000, 0x0000000707d00000|  0%| F|  |TAMS 0x0000000707c00000, 0x0000000707c00000| Untracked 
| 107|0x0000000707d00000, 0x0000000707d00000, 0x0000000707e00000|  0%| F|  |TAMS 0x0000000707d00000, 0x0000000707d00000| Untracked 
| 108|0x0000000707e00000, 0x0000000707e00000, 0x0000000707f00000|  0%| F|  |TAMS 0x0000000707e00000, 0x0000000707e00000| Untracked 
| 109|0x0000000707f00000, 0x0000000707f00000, 0x0000000708000000|  0%| F|  |TAMS 0x0000000707f00000, 0x0000000707f00000| Untracked 
| 110|0x0000000708000000, 0x0000000708000000, 0x0000000708100000|  0%| F|  |TAMS 0x0000000708000000, 0x0000000708000000| Untracked 
| 111|0x0000000708100000, 0x0000000708100000, 0x0000000708200000|  0%| F|  |TAMS 0x0000000708100000, 0x0000000708100000| Untracked 
| 112|0x0000000708200000, 0x0000000708200000, 0x0000000708300000|  0%| F|  |TAMS 0x0000000708200000, 0x0000000708200000| Untracked 
| 113|0x0000000708300000, 0x0000000708300000, 0x0000000708400000|  0%| F|  |TAMS 0x0000000708300000, 0x0000000708300000| Untracked 
| 114|0x0000000708400000, 0x0000000708400000, 0x0000000708500000|  0%| F|  |TAMS 0x0000000708400000, 0x0000000708400000| Untracked 
| 115|0x0000000708500000, 0x0000000708500000, 0x0000000708600000|  0%| F|  |TAMS 0x0000000708500000, 0x0000000708500000| Untracked 
| 116|0x0000000708600000, 0x0000000708600000, 0x0000000708700000|  0%| F|  |TAMS 0x0000000708600000, 0x0000000708600000| Untracked 
| 117|0x0000000708700000, 0x0000000708700000, 0x0000000708800000|  0%| F|  |TAMS 0x0000000708700000, 0x0000000708700000| Untracked 
| 118|0x0000000708800000, 0x0000000708800000, 0x0000000708900000|  0%| F|  |TAMS 0x0000000708800000, 0x0000000708800000| Untracked 
| 119|0x0000000708900000, 0x0000000708900000, 0x0000000708a00000|  0%| F|  |TAMS 0x0000000708900000, 0x0000000708900000| Untracked 
| 120|0x0000000708a00000, 0x0000000708a00000, 0x0000000708b00000|  0%| F|  |TAMS 0x0000000708a00000, 0x0000000708a00000| Untracked 
| 121|0x0000000708b00000, 0x0000000708b00000, 0x0000000708c00000|  0%| F|  |TAMS 0x0000000708b00000, 0x0000000708b00000| Untracked 
| 122|0x0000000708c00000, 0x0000000708c00000, 0x0000000708d00000|  0%| F|  |TAMS 0x0000000708c00000, 0x0000000708c00000| Untracked 
| 123|0x0000000708d00000, 0x0000000708d00000, 0x0000000708e00000|  0%| F|  |TAMS 0x0000000708d00000, 0x0000000708d00000| Untracked 
| 124|0x0000000708e00000, 0x0000000708e00000, 0x0000000708f00000|  0%| F|  |TAMS 0x0000000708e00000, 0x0000000708e00000| Untracked 
| 125|0x0000000708f00000, 0x0000000708f00000, 0x0000000709000000|  0%| F|  |TAMS 0x0000000708f00000, 0x0000000708f00000| Untracked 
| 126|0x0000000709000000, 0x0000000709000000, 0x0000000709100000|  0%| F|  |TAMS 0x0000000709000000, 0x0000000709000000| Untracked 
| 127|0x0000000709100000, 0x0000000709100000, 0x0000000709200000|  0%| F|  |TAMS 0x0000000709100000, 0x0000000709100000| Untracked 
| 128|0x0000000709200000, 0x0000000709200000, 0x0000000709300000|  0%| F|  |TAMS 0x0000000709200000, 0x0000000709200000| Untracked 
| 129|0x0000000709300000, 0x0000000709300000, 0x0000000709400000|  0%| F|  |TAMS 0x0000000709300000, 0x0000000709300000| Untracked 
| 130|0x0000000709400000, 0x0000000709400000, 0x0000000709500000|  0%| F|  |TAMS 0x0000000709400000, 0x0000000709400000| Untracked 
| 131|0x0000000709500000, 0x0000000709500000, 0x0000000709600000|  0%| F|  |TAMS 0x0000000709500000, 0x0000000709500000| Untracked 
| 132|0x0000000709600000, 0x0000000709600000, 0x0000000709700000|  0%| F|  |TAMS 0x0000000709600000, 0x0000000709600000| Untracked 
| 133|0x0000000709700000, 0x0000000709700000, 0x0000000709800000|  0%| F|  |TAMS 0x0000000709700000, 0x0000000709700000| Untracked 
| 134|0x0000000709800000, 0x0000000709800000, 0x0000000709900000|  0%| F|  |TAMS 0x0000000709800000, 0x0000000709800000| Untracked 
| 135|0x0000000709900000, 0x0000000709900000, 0x0000000709a00000|  0%| F|  |TAMS 0x0000000709900000, 0x0000000709900000| Untracked 
| 136|0x0000000709a00000, 0x0000000709a00000, 0x0000000709b00000|  0%| F|  |TAMS 0x0000000709a00000, 0x0000000709a00000| Untracked 
| 137|0x0000000709b00000, 0x0000000709b00000, 0x0000000709c00000|  0%| F|  |TAMS 0x0000000709b00000, 0x0000000709b00000| Untracked 
| 138|0x0000000709c00000, 0x0000000709c00000, 0x0000000709d00000|  0%| F|  |TAMS 0x0000000709c00000, 0x0000000709c00000| Untracked 
| 139|0x0000000709d00000, 0x0000000709d00000, 0x0000000709e00000|  0%| F|  |TAMS 0x0000000709d00000, 0x0000000709d00000| Untracked 
| 140|0x0000000709e00000, 0x0000000709e00000, 0x0000000709f00000|  0%| F|  |TAMS 0x0000000709e00000, 0x0000000709e00000| Untracked 
| 141|0x0000000709f00000, 0x0000000709f00000, 0x000000070a000000|  0%| F|  |TAMS 0x0000000709f00000, 0x0000000709f00000| Untracked 
| 142|0x000000070a000000, 0x000000070a000000, 0x000000070a100000|  0%| F|  |TAMS 0x000000070a000000, 0x000000070a000000| Untracked 
| 143|0x000000070a100000, 0x000000070a100000, 0x000000070a200000|  0%| F|  |TAMS 0x000000070a100000, 0x000000070a100000| Untracked 
| 144|0x000000070a200000, 0x000000070a200000, 0x000000070a300000|  0%| F|  |TAMS 0x000000070a200000, 0x000000070a200000| Untracked 
| 145|0x000000070a300000, 0x000000070a300000, 0x000000070a400000|  0%| F|  |TAMS 0x000000070a300000, 0x000000070a300000| Untracked 
| 146|0x000000070a400000, 0x000000070a400000, 0x000000070a500000|  0%| F|  |TAMS 0x000000070a400000, 0x000000070a400000| Untracked 
| 147|0x000000070a500000, 0x000000070a500000, 0x000000070a600000|  0%| F|  |TAMS 0x000000070a500000, 0x000000070a500000| Untracked 
| 148|0x000000070a600000, 0x000000070a600000, 0x000000070a700000|  0%| F|  |TAMS 0x000000070a600000, 0x000000070a600000| Untracked 
| 149|0x000000070a700000, 0x000000070a700000, 0x000000070a800000|  0%| F|  |TAMS 0x000000070a700000, 0x000000070a700000| Untracked 
| 150|0x000000070a800000, 0x000000070a800000, 0x000000070a900000|  0%| F|  |TAMS 0x000000070a800000, 0x000000070a800000| Untracked 
| 151|0x000000070a900000, 0x000000070a900000, 0x000000070aa00000|  0%| F|  |TAMS 0x000000070a900000, 0x000000070a900000| Untracked 
| 152|0x000000070aa00000, 0x000000070aa00000, 0x000000070ab00000|  0%| F|  |TAMS 0x000000070aa00000, 0x000000070aa00000| Untracked 
| 153|0x000000070ab00000, 0x000000070ab00000, 0x000000070ac00000|  0%| F|  |TAMS 0x000000070ab00000, 0x000000070ab00000| Untracked 
| 154|0x000000070ac00000, 0x000000070ac00000, 0x000000070ad00000|  0%| F|  |TAMS 0x000000070ac00000, 0x000000070ac00000| Untracked 
| 155|0x000000070ad00000, 0x000000070ad00000, 0x000000070ae00000|  0%| F|  |TAMS 0x000000070ad00000, 0x000000070ad00000| Untracked 
| 156|0x000000070ae00000, 0x000000070ae00000, 0x000000070af00000|  0%| F|  |TAMS 0x000000070ae00000, 0x000000070ae00000| Untracked 
| 157|0x000000070af00000, 0x000000070af00000, 0x000000070b000000|  0%| F|  |TAMS 0x000000070af00000, 0x000000070af00000| Untracked 
| 158|0x000000070b000000, 0x000000070b100000, 0x000000070b100000|100%| E|  |TAMS 0x000000070b000000, 0x000000070b000000| Complete 
| 159|0x000000070b100000, 0x000000070b200000, 0x000000070b200000|100%| E|CS|TAMS 0x000000070b100000, 0x000000070b100000| Complete 
| 160|0x000000070b200000, 0x000000070b300000, 0x000000070b300000|100%| E|CS|TAMS 0x000000070b200000, 0x000000070b200000| Complete 
| 161|0x000000070b300000, 0x000000070b400000, 0x000000070b400000|100%| E|CS|TAMS 0x000000070b300000, 0x000000070b300000| Complete 
| 162|0x000000070b400000, 0x000000070b500000, 0x000000070b500000|100%| E|CS|TAMS 0x000000070b400000, 0x000000070b400000| Complete 
| 163|0x000000070b500000, 0x000000070b600000, 0x000000070b600000|100%| E|CS|TAMS 0x000000070b500000, 0x000000070b500000| Complete 
| 164|0x000000070b600000, 0x000000070b700000, 0x000000070b700000|100%| E|CS|TAMS 0x000000070b600000, 0x000000070b600000| Complete 
| 165|0x000000070b700000, 0x000000070b800000, 0x000000070b800000|100%| E|CS|TAMS 0x000000070b700000, 0x000000070b700000| Complete 
| 166|0x000000070b800000, 0x000000070b900000, 0x000000070b900000|100%| E|CS|TAMS 0x000000070b800000, 0x000000070b800000| Complete 
| 167|0x000000070b900000, 0x000000070ba00000, 0x000000070ba00000|100%| E|CS|TAMS 0x000000070b900000, 0x000000070b900000| Complete 
| 168|0x000000070ba00000, 0x000000070bb00000, 0x000000070bb00000|100%| E|CS|TAMS 0x000000070ba00000, 0x000000070ba00000| Complete 
| 169|0x000000070bb00000, 0x000000070bc00000, 0x000000070bc00000|100%| E|CS|TAMS 0x000000070bb00000, 0x000000070bb00000| Complete 
| 170|0x000000070bc00000, 0x000000070bd00000, 0x000000070bd00000|100%| E|CS|TAMS 0x000000070bc00000, 0x000000070bc00000| Complete 
| 171|0x000000070bd00000, 0x000000070be00000, 0x000000070be00000|100%| E|CS|TAMS 0x000000070bd00000, 0x000000070bd00000| Complete 
| 172|0x000000070be00000, 0x000000070bf00000, 0x000000070bf00000|100%| E|CS|TAMS 0x000000070be00000, 0x000000070be00000| Complete 
| 173|0x000000070bf00000, 0x000000070c000000, 0x000000070c000000|100%| E|CS|TAMS 0x000000070bf00000, 0x000000070bf00000| Complete 
| 174|0x000000070c000000, 0x000000070c100000, 0x000000070c100000|100%| E|CS|TAMS 0x000000070c000000, 0x000000070c000000| Complete 
| 175|0x000000070c100000, 0x000000070c200000, 0x000000070c200000|100%| E|CS|TAMS 0x000000070c100000, 0x000000070c100000| Complete 
| 176|0x000000070c200000, 0x000000070c300000, 0x000000070c300000|100%| E|CS|TAMS 0x000000070c200000, 0x000000070c200000| Complete 
| 177|0x000000070c300000, 0x000000070c400000, 0x000000070c400000|100%| E|CS|TAMS 0x000000070c300000, 0x000000070c300000| Complete 
| 178|0x000000070c400000, 0x000000070c500000, 0x000000070c500000|100%| E|CS|TAMS 0x000000070c400000, 0x000000070c400000| Complete 
| 179|0x000000070c500000, 0x000000070c600000, 0x000000070c600000|100%| E|CS|TAMS 0x000000070c500000, 0x000000070c500000| Complete 
| 180|0x000000070c600000, 0x000000070c700000, 0x000000070c700000|100%| E|CS|TAMS 0x000000070c600000, 0x000000070c600000| Complete 
| 181|0x000000070c700000, 0x000000070c800000, 0x000000070c800000|100%| E|CS|TAMS 0x000000070c700000, 0x000000070c700000| Complete 
| 182|0x000000070c800000, 0x000000070c900000, 0x000000070c900000|100%| E|CS|TAMS 0x000000070c800000, 0x000000070c800000| Complete 
| 183|0x000000070c900000, 0x000000070ca00000, 0x000000070ca00000|100%| E|CS|TAMS 0x000000070c900000, 0x000000070c900000| Complete 
| 184|0x000000070ca00000, 0x000000070cb00000, 0x000000070cb00000|100%| E|CS|TAMS 0x000000070ca00000, 0x000000070ca00000| Complete 
| 185|0x000000070cb00000, 0x000000070cc00000, 0x000000070cc00000|100%| E|CS|TAMS 0x000000070cb00000, 0x000000070cb00000| Complete 
| 186|0x000000070cc00000, 0x000000070cd00000, 0x000000070cd00000|100%| E|CS|TAMS 0x000000070cc00000, 0x000000070cc00000| Complete 
| 187|0x000000070cd00000, 0x000000070ce00000, 0x000000070ce00000|100%| E|CS|TAMS 0x000000070cd00000, 0x000000070cd00000| Complete 
| 188|0x000000070ce00000, 0x000000070cf00000, 0x000000070cf00000|100%| E|CS|TAMS 0x000000070ce00000, 0x000000070ce00000| Complete 
| 189|0x000000070cf00000, 0x000000070d000000, 0x000000070d000000|100%| E|CS|TAMS 0x000000070cf00000, 0x000000070cf00000| Complete 
| 190|0x000000070d000000, 0x000000070d100000, 0x000000070d100000|100%| E|CS|TAMS 0x000000070d000000, 0x000000070d000000| Complete 
| 191|0x000000070d100000, 0x000000070d200000, 0x000000070d200000|100%| E|CS|TAMS 0x000000070d100000, 0x000000070d100000| Complete 
| 192|0x000000070d200000, 0x000000070d300000, 0x000000070d300000|100%| E|CS|TAMS 0x000000070d200000, 0x000000070d200000| Complete 
| 193|0x000000070d300000, 0x000000070d400000, 0x000000070d400000|100%| E|CS|TAMS 0x000000070d300000, 0x000000070d300000| Complete 
| 194|0x000000070d400000, 0x000000070d500000, 0x000000070d500000|100%| E|CS|TAMS 0x000000070d400000, 0x000000070d400000| Complete 
| 195|0x000000070d500000, 0x000000070d600000, 0x000000070d600000|100%| E|CS|TAMS 0x000000070d500000, 0x000000070d500000| Complete 
| 196|0x000000070d600000, 0x000000070d700000, 0x000000070d700000|100%| E|CS|TAMS 0x000000070d600000, 0x000000070d600000| Complete 
| 197|0x000000070d700000, 0x000000070d800000, 0x000000070d800000|100%| E|CS|TAMS 0x000000070d700000, 0x000000070d700000| Complete 
| 198|0x000000070d800000, 0x000000070d900000, 0x000000070d900000|100%| E|CS|TAMS 0x000000070d800000, 0x000000070d800000| Complete 
| 199|0x000000070d900000, 0x000000070da00000, 0x000000070da00000|100%| E|CS|TAMS 0x000000070d900000, 0x000000070d900000| Complete 
| 200|0x000000070da00000, 0x000000070db00000, 0x000000070db00000|100%| E|CS|TAMS 0x000000070da00000, 0x000000070da00000| Complete 
| 201|0x000000070db00000, 0x000000070dc00000, 0x000000070dc00000|100%| E|CS|TAMS 0x000000070db00000, 0x000000070db00000| Complete 
| 202|0x000000070dc00000, 0x000000070dd00000, 0x000000070dd00000|100%| E|CS|TAMS 0x000000070dc00000, 0x000000070dc00000| Complete 
| 203|0x000000070dd00000, 0x000000070de00000, 0x000000070de00000|100%| E|CS|TAMS 0x000000070dd00000, 0x000000070dd00000| Complete 
| 204|0x000000070de00000, 0x000000070df00000, 0x000000070df00000|100%| E|CS|TAMS 0x000000070de00000, 0x000000070de00000| Complete 
| 205|0x000000070df00000, 0x000000070e000000, 0x000000070e000000|100%| E|CS|TAMS 0x000000070df00000, 0x000000070df00000| Complete 
| 206|0x000000070e000000, 0x000000070e100000, 0x000000070e100000|100%| E|CS|TAMS 0x000000070e000000, 0x000000070e000000| Complete 
| 207|0x000000070e100000, 0x000000070e200000, 0x000000070e200000|100%| E|CS|TAMS 0x000000070e100000, 0x000000070e100000| Complete 
| 208|0x000000070e200000, 0x000000070e300000, 0x000000070e300000|100%| E|CS|TAMS 0x000000070e200000, 0x000000070e200000| Complete 
| 209|0x000000070e300000, 0x000000070e400000, 0x000000070e400000|100%| E|CS|TAMS 0x000000070e300000, 0x000000070e300000| Complete 
| 210|0x000000070e400000, 0x000000070e500000, 0x000000070e500000|100%| E|CS|TAMS 0x000000070e400000, 0x000000070e400000| Complete 
| 211|0x000000070e500000, 0x000000070e600000, 0x000000070e600000|100%| E|CS|TAMS 0x000000070e500000, 0x000000070e500000| Complete 
| 212|0x000000070e600000, 0x000000070e700000, 0x000000070e700000|100%| E|CS|TAMS 0x000000070e600000, 0x000000070e600000| Complete 
| 213|0x000000070e700000, 0x000000070e800000, 0x000000070e800000|100%| E|CS|TAMS 0x000000070e700000, 0x000000070e700000| Complete 
| 214|0x000000070e800000, 0x000000070e900000, 0x000000070e900000|100%| E|CS|TAMS 0x000000070e800000, 0x000000070e800000| Complete 
| 215|0x000000070e900000, 0x000000070ea00000, 0x000000070ea00000|100%| E|CS|TAMS 0x000000070e900000, 0x000000070e900000| Complete 
| 216|0x000000070ea00000, 0x000000070eb00000, 0x000000070eb00000|100%| E|CS|TAMS 0x000000070ea00000, 0x000000070ea00000| Complete 
| 217|0x000000070eb00000, 0x000000070ec00000, 0x000000070ec00000|100%| E|CS|TAMS 0x000000070eb00000, 0x000000070eb00000| Complete 
| 218|0x000000070ec00000, 0x000000070ed00000, 0x000000070ed00000|100%| E|CS|TAMS 0x000000070ec00000, 0x000000070ec00000| Complete 
| 219|0x000000070ed00000, 0x000000070ee00000, 0x000000070ee00000|100%| E|CS|TAMS 0x000000070ed00000, 0x000000070ed00000| Complete 
| 220|0x000000070ee00000, 0x000000070ef00000, 0x000000070ef00000|100%| E|CS|TAMS 0x000000070ee00000, 0x000000070ee00000| Complete 
| 221|0x000000070ef00000, 0x000000070f000000, 0x000000070f000000|100%| E|CS|TAMS 0x000000070ef00000, 0x000000070ef00000| Complete 
| 222|0x000000070f000000, 0x000000070f100000, 0x000000070f100000|100%| E|CS|TAMS 0x000000070f000000, 0x000000070f000000| Complete 
| 223|0x000000070f100000, 0x000000070f200000, 0x000000070f200000|100%| E|CS|TAMS 0x000000070f100000, 0x000000070f100000| Complete 
| 224|0x000000070f200000, 0x000000070f300000, 0x000000070f300000|100%| E|CS|TAMS 0x000000070f200000, 0x000000070f200000| Complete 
| 225|0x000000070f300000, 0x000000070f400000, 0x000000070f400000|100%| E|CS|TAMS 0x000000070f300000, 0x000000070f300000| Complete 
| 226|0x000000070f400000, 0x000000070f500000, 0x000000070f500000|100%| E|CS|TAMS 0x000000070f400000, 0x000000070f400000| Complete 
| 227|0x000000070f500000, 0x000000070f600000, 0x000000070f600000|100%| E|CS|TAMS 0x000000070f500000, 0x000000070f500000| Complete 
| 228|0x000000070f600000, 0x000000070f700000, 0x000000070f700000|100%| E|CS|TAMS 0x000000070f600000, 0x000000070f600000| Complete 
| 229|0x000000070f700000, 0x000000070f800000, 0x000000070f800000|100%| S|CS|TAMS 0x000000070f700000, 0x000000070f700000| Complete 
| 230|0x000000070f800000, 0x000000070f900000, 0x000000070f900000|100%| S|CS|TAMS 0x000000070f800000, 0x000000070f800000| Complete 
| 231|0x000000070f900000, 0x000000070fa00000, 0x000000070fa00000|100%| S|CS|TAMS 0x000000070f900000, 0x000000070f900000| Complete 
| 232|0x000000070fa00000, 0x000000070fb00000, 0x000000070fb00000|100%| E|CS|TAMS 0x000000070fa00000, 0x000000070fa00000| Complete 
| 233|0x000000070fb00000, 0x000000070fc00000, 0x000000070fc00000|100%| E|CS|TAMS 0x000000070fb00000, 0x000000070fb00000| Complete 
| 234|0x000000070fc00000, 0x000000070fd00000, 0x000000070fd00000|100%| E|CS|TAMS 0x000000070fc00000, 0x000000070fc00000| Complete 
| 235|0x000000070fd00000, 0x000000070fe00000, 0x000000070fe00000|100%| E|CS|TAMS 0x000000070fd00000, 0x000000070fd00000| Complete 
| 236|0x000000070fe00000, 0x000000070ff00000, 0x000000070ff00000|100%| E|CS|TAMS 0x000000070fe00000, 0x000000070fe00000| Complete 
| 237|0x000000070ff00000, 0x0000000710000000, 0x0000000710000000|100%| E|CS|TAMS 0x000000070ff00000, 0x000000070ff00000| Complete 
| 238|0x0000000710000000, 0x0000000710100000, 0x0000000710100000|100%| E|CS|TAMS 0x0000000710000000, 0x0000000710000000| Complete 
| 239|0x0000000710100000, 0x0000000710200000, 0x0000000710200000|100%| E|CS|TAMS 0x0000000710100000, 0x0000000710100000| Complete 
| 240|0x0000000710200000, 0x0000000710300000, 0x0000000710300000|100%| E|CS|TAMS 0x0000000710200000, 0x0000000710200000| Complete 
| 241|0x0000000710300000, 0x0000000710400000, 0x0000000710400000|100%| E|CS|TAMS 0x0000000710300000, 0x0000000710300000| Complete 
| 242|0x0000000710400000, 0x0000000710500000, 0x0000000710500000|100%| E|CS|TAMS 0x0000000710400000, 0x0000000710400000| Complete 
| 243|0x0000000710500000, 0x0000000710600000, 0x0000000710600000|100%| E|CS|TAMS 0x0000000710500000, 0x0000000710500000| Complete 
| 244|0x0000000710600000, 0x0000000710700000, 0x0000000710700000|100%| E|CS|TAMS 0x0000000710600000, 0x0000000710600000| Complete 
| 245|0x0000000710700000, 0x0000000710800000, 0x0000000710800000|100%| E|CS|TAMS 0x0000000710700000, 0x0000000710700000| Complete 
| 246|0x0000000710800000, 0x0000000710900000, 0x0000000710900000|100%| E|CS|TAMS 0x0000000710800000, 0x0000000710800000| Complete 
| 247|0x0000000710900000, 0x0000000710a00000, 0x0000000710a00000|100%| E|CS|TAMS 0x0000000710900000, 0x0000000710900000| Complete 
| 248|0x0000000710a00000, 0x0000000710b00000, 0x0000000710b00000|100%| E|CS|TAMS 0x0000000710a00000, 0x0000000710a00000| Complete 
| 249|0x0000000710b00000, 0x0000000710c00000, 0x0000000710c00000|100%| E|CS|TAMS 0x0000000710b00000, 0x0000000710b00000| Complete 
| 250|0x0000000710c00000, 0x0000000710d00000, 0x0000000710d00000|100%| E|CS|TAMS 0x0000000710c00000, 0x0000000710c00000| Complete 
| 251|0x0000000710d00000, 0x0000000710e00000, 0x0000000710e00000|100%| E|CS|TAMS 0x0000000710d00000, 0x0000000710d00000| Complete 
| 252|0x0000000710e00000, 0x0000000710f00000, 0x0000000710f00000|100%| E|CS|TAMS 0x0000000710e00000, 0x0000000710e00000| Complete 
| 253|0x0000000710f00000, 0x0000000711000000, 0x0000000711000000|100%| E|CS|TAMS 0x0000000710f00000, 0x0000000710f00000| Complete 
| 254|0x0000000711000000, 0x0000000711100000, 0x0000000711100000|100%| E|CS|TAMS 0x0000000711000000, 0x0000000711000000| Complete 
| 255|0x0000000711100000, 0x0000000711200000, 0x0000000711200000|100%| E|CS|TAMS 0x0000000711100000, 0x0000000711100000| Complete 

Card table byte_map: [0x000001cda01c0000,0x000001cda09c0000] _byte_map_base: 0x000001cd9c9b7000

Marking Bits (Prev, Next): (CMBitMap*) 0x000001cd87da0e58, (CMBitMap*) 0x000001cd87da0e90
 Prev Bits: [0x000001cda11c0000, 0x000001cda5178000)
 Next Bits: [0x000001cda5180000, 0x000001cda9138000)

Polling page: 0x000001cd85ce0000

Metaspace:

Usage:
  Non-class:     16.52 MB capacity,    16.24 MB ( 98%) used,   252.17 KB (  1%) free+waste,    33.75 KB ( <1%) overhead. 
      Class:      1.85 MB capacity,     1.76 MB ( 95%) used,    80.88 KB (  4%) free+waste,    14.50 KB ( <1%) overhead. 
       Both:     18.37 MB capacity,    18.00 MB ( 98%) used,   333.05 KB (  2%) free+waste,    48.25 KB ( <1%) overhead. 

Virtual space:
  Non-class space:       18.00 MB reserved,      16.75 MB ( 93%) committed 
      Class space:        1.00 GB reserved,       1.88 MB ( <1%) committed 
             Both:        1.02 GB reserved,      18.63 MB (  2%) committed 

Chunk freelists:
   Non-Class:  43.00 KB
       Class:  0 bytes
        Both:  43.00 KB

MaxMetaspaceSize: 17179869184.00 GB
CompressedClassSpaceSize: 1.00 GB
Initial GC threshold: 20.80 MB
Current GC threshold: 20.80 MB
CDS: off

CodeHeap 'non-profiled nmethods': size=120000Kb used=1003Kb max_used=1003Kb free=118996Kb
 bounds [0x000001cd97f40000, 0x000001cd981b0000, 0x000001cd9f470000]
CodeHeap 'profiled nmethods': size=120000Kb used=4915Kb max_used=4915Kb free=115085Kb
 bounds [0x000001cd90a10000, 0x000001cd90ee0000, 0x000001cd97f40000]
CodeHeap 'non-nmethods': size=5760Kb used=1179Kb max_used=1230Kb free=4581Kb
 bounds [0x000001cd90470000, 0x000001cd906e0000, 0x000001cd90a10000]
 total_blobs=2840 nmethods=2405 adapters=347
 compilation: enabled
              stopped_count=0, restarted_count=0
 full_count=0

Compilation events (20 events):
Event: 1.643 Thread 0x000001cdac7e8800 2396       2       com.sun.xml.bind.v2.util.QNameMap::put (14 bytes)
Event: 1.643 Thread 0x000001cdac7e8800 nmethod 2396 0x000001cd90ed3d90 code [0x000001cd90ed3f40, 0x000001cd90ed4068]
Event: 1.643 Thread 0x000001cdac7e8800 2397       2       com.sun.xml.bind.v2.util.QNameMap::get (13 bytes)
Event: 1.643 Thread 0x000001cdac7e8800 nmethod 2397 0x000001cd90ed4190 code [0x000001cd90ed4340, 0x000001cd90ed44a8]
Event: 1.643 Thread 0x000001cdac7e8800 2398       2       com.sun.xml.bind.v2.runtime.JaxBeanInfo::link (1 bytes)
Event: 1.643 Thread 0x000001cdac7e8800 nmethod 2398 0x000001cd90ed4590 code [0x000001cd90ed4740, 0x000001cd90ed4838]
Event: 1.643 Thread 0x000001cdac7e8800 2395       2       com.sun.xml.bind.v2.util.QNameMap::put (14 bytes)
Event: 1.643 Thread 0x000001cdac7e8800 nmethod 2395 0x000001cd90ed4910 code [0x000001cd90ed4ac0, 0x000001cd90ed4be8]
Event: 1.643 Thread 0x000001cdac7e8800 2400       2       java.util.ArrayList::isEmpty (13 bytes)
Event: 1.643 Thread 0x000001cdac7e8800 nmethod 2400 0x000001cd90ed4d10 code [0x000001cd90ed4ec0, 0x000001cd90ed4fd8]
Event: 1.643 Thread 0x000001cdac7e8800 2399       1       com.sun.xml.bind.v2.runtime.reflect.TransducedAccessor::useNamespace (2 bytes)
Event: 1.644 Thread 0x000001cdac7e8800 nmethod 2399 0x000001cd98034b90 code [0x000001cd98034d40, 0x000001cd98034df8]
Event: 1.657 Thread 0x000001cdac7e8800 2402       2       jdk.internal.reflect.ConstructorAccessorImpl::<init> (5 bytes)
Event: 1.657 Thread 0x000001cdac7e8800 nmethod 2402 0x000001cd90ed5090 code [0x000001cd90ed5240, 0x000001cd90ed5338]
Event: 1.658 Thread 0x000001cdac7e8800 2403       2       java.util.Formatter$Conversion::isInteger (48 bytes)
Event: 1.658 Thread 0x000001cdac7e8800 nmethod 2403 0x000001cd90ed5410 code [0x000001cd90ed55c0, 0x000001cd90ed56d8]
Event: 1.658 Thread 0x000001cdac7e8800 2404       2       java.util.regex.Pattern$Dollar::match (209 bytes)
Event: 1.659 Thread 0x000001cdac7e8800 nmethod 2404 0x000001cd90ed5790 code [0x000001cd90ed59c0, 0x000001cd90ed5df8]
Event: 1.659 Thread 0x000001cdac7e8800 2405  s    2       java.io.ByteArrayInputStream::read (73 bytes)
Event: 1.659 Thread 0x000001cdac7e8800 nmethod 2405 0x000001cd90ed5f90 code [0x000001cd90ed6160, 0x000001cd90ed6638]

GC Heap History (2 events):
Event: 0.704 GC heap before
{Heap before GC invocations=0 (full 0):
 garbage-first heap   total 262144K, used 24576K [0x0000000701200000, 0x0000000800000000)
  region size 1024K, 24 young (24576K), 0 survivors (0K)
 Metaspace       used 13411K, capacity 13600K, committed 13696K, reserved 1060864K
  class space    used 1316K, capacity 1394K, committed 1408K, reserved 1048576K
}
Event: 0.707 GC heap after
{Heap after GC invocations=1 (full 0):
 garbage-first heap   total 262144K, used 3423K [0x0000000701200000, 0x0000000800000000)
  region size 1024K, 3 young (3072K), 3 survivors (3072K)
 Metaspace       used 13411K, capacity 13600K, committed 13696K, reserved 1060864K
  class space    used 1316K, capacity 1394K, committed 1408K, reserved 1048576K
}

Deoptimization events (20 events):
Event: 1.454 Thread 0x000001cd85c5e000 DEOPT PACKING pc=0x000001cd90e855f4 sp=0x0000006f289fe360
Event: 1.454 Thread 0x000001cd85c5e000 DEOPT UNPACKING pc=0x000001cd904ba95e sp=0x0000006f289fd820 mode 0
Event: 1.456 Thread 0x000001cd85c5e000 DEOPT PACKING pc=0x000001cd90e855f4 sp=0x0000006f289fe430
Event: 1.456 Thread 0x000001cd85c5e000 DEOPT UNPACKING pc=0x000001cd904ba95e sp=0x0000006f289fd8f0 mode 0
Event: 1.458 Thread 0x000001cd85c5e000 DEOPT PACKING pc=0x000001cd90e855f4 sp=0x0000006f289fe430
Event: 1.458 Thread 0x000001cd85c5e000 DEOPT UNPACKING pc=0x000001cd904ba95e sp=0x0000006f289fd8f0 mode 0
Event: 1.458 Thread 0x000001cd85c5e000 DEOPT PACKING pc=0x000001cd90e855f4 sp=0x0000006f289fe430
Event: 1.458 Thread 0x000001cd85c5e000 DEOPT UNPACKING pc=0x000001cd904ba95e sp=0x0000006f289fd8f0 mode 0
Event: 1.461 Thread 0x000001cd85c5e000 DEOPT PACKING pc=0x000001cd90e855f4 sp=0x0000006f289fe430
Event: 1.461 Thread 0x000001cd85c5e000 DEOPT UNPACKING pc=0x000001cd904ba95e sp=0x0000006f289fd8f0 mode 0
Event: 1.461 Thread 0x000001cd85c5e000 DEOPT PACKING pc=0x000001cd90e855f4 sp=0x0000006f289fe430
Event: 1.461 Thread 0x000001cd85c5e000 DEOPT UNPACKING pc=0x000001cd904ba95e sp=0x0000006f289fd8f0 mode 0
Event: 1.462 Thread 0x000001cd85c5e000 DEOPT PACKING pc=0x000001cd90e855f4 sp=0x0000006f289fe430
Event: 1.462 Thread 0x000001cd85c5e000 DEOPT UNPACKING pc=0x000001cd904ba95e sp=0x0000006f289fd8f0 mode 0
Event: 1.468 Thread 0x000001cd85c5e000 DEOPT PACKING pc=0x000001cd90e855f4 sp=0x0000006f289fe430
Event: 1.468 Thread 0x000001cd85c5e000 DEOPT UNPACKING pc=0x000001cd904ba95e sp=0x0000006f289fd8f0 mode 0
Event: 1.496 Thread 0x000001cd85c5e000 Uncommon trap: trap_request=0xffffff4d fr.pc=0x000001cd98013520 relative=0x00000000000030a0
Event: 1.496 Thread 0x000001cd85c5e000 Uncommon trap: reason=unstable_if action=reinterpret pc=0x000001cd98013520 method=com.sun.org.apache.xerces.internal.impl.XMLEntityScanner.scanContent(Lcom/sun/org/apache/xerces/internal/xni/XMLString;)I @ 44 c2
Event: 1.496 Thread 0x000001cd85c5e000 DEOPT PACKING pc=0x000001cd98013520 sp=0x0000006f289fe560
Event: 1.496 Thread 0x000001cd85c5e000 DEOPT UNPACKING pc=0x000001cd904ba1af sp=0x0000006f289fe510 mode 2

Classes redefined (0 events):
No events

Internal exceptions (20 events):
Event: 0.997 Thread 0x000001cd85c5e000 Exception <a 'sun/nio/fs/WindowsException'{0x0000000710712658}> (0x0000000710712658) thrown at [./src/hotspot/share/prims/jni.cpp, line 616]
Event: 0.997 Thread 0x000001cd85c5e000 Exception <a 'sun/nio/fs/WindowsException'{0x0000000710713120}> (0x0000000710713120) thrown at [./src/hotspot/share/prims/jni.cpp, line 616]
Event: 0.997 Thread 0x000001cd85c5e000 Exception <a 'sun/nio/fs/WindowsException'{0x00000007107134c8}> (0x00000007107134c8) thrown at [./src/hotspot/share/prims/jni.cpp, line 616]
Event: 0.997 Thread 0x000001cd85c5e000 Exception <a 'sun/nio/fs/WindowsException'{0x0000000710713d48}> (0x0000000710713d48) thrown at [./src/hotspot/share/prims/jni.cpp, line 616]
Event: 0.997 Thread 0x000001cd85c5e000 Exception <a 'sun/nio/fs/WindowsException'{0x0000000710714498}> (0x0000000710714498) thrown at [./src/hotspot/share/prims/jni.cpp, line 616]
Event: 0.997 Thread 0x000001cd85c5e000 Exception <a 'sun/nio/fs/WindowsException'{0x0000000710714a08}> (0x0000000710714a08) thrown at [./src/hotspot/share/prims/jni.cpp, line 616]
Event: 0.997 Thread 0x000001cd85c5e000 Exception <a 'sun/nio/fs/WindowsException'{0x0000000710715190}> (0x0000000710715190) thrown at [./src/hotspot/share/prims/jni.cpp, line 616]
Event: 0.997 Thread 0x000001cd85c5e000 Exception <a 'sun/nio/fs/WindowsException'{0x0000000710715da8}> (0x0000000710715da8) thrown at [./src/hotspot/share/prims/jni.cpp, line 616]
Event: 0.997 Thread 0x000001cd85c5e000 Exception <a 'sun/nio/fs/WindowsException'{0x0000000710716138}> (0x0000000710716138) thrown at [./src/hotspot/share/prims/jni.cpp, line 616]
Event: 0.997 Thread 0x000001cd85c5e000 Exception <a 'sun/nio/fs/WindowsException'{0x0000000710716998}> (0x0000000710716998) thrown at [./src/hotspot/share/prims/jni.cpp, line 616]
Event: 0.997 Thread 0x000001cd85c5e000 Exception <a 'sun/nio/fs/WindowsException'{0x00000007107170d8}> (0x00000007107170d8) thrown at [./src/hotspot/share/prims/jni.cpp, line 616]
Event: 0.997 Thread 0x000001cd85c5e000 Exception <a 'sun/nio/fs/WindowsException'{0x0000000710717628}> (0x0000000710717628) thrown at [./src/hotspot/share/prims/jni.cpp, line 616]
Event: 0.998 Thread 0x000001cd85c5e000 Exception <a 'sun/nio/fs/WindowsException'{0x0000000710717d88}> (0x0000000710717d88) thrown at [./src/hotspot/share/prims/jni.cpp, line 616]
Event: 0.998 Thread 0x000001cd85c5e000 Exception <a 'sun/nio/fs/WindowsException'{0x0000000710718740}> (0x0000000710718740) thrown at [./src/hotspot/share/prims/jni.cpp, line 616]
Event: 0.998 Thread 0x000001cd85c5e000 Exception <a 'sun/nio/fs/WindowsException'{0x0000000710718af0}> (0x0000000710718af0) thrown at [./src/hotspot/share/prims/jni.cpp, line 616]
Event: 1.018 Thread 0x000001cd85c5e000 Exception <a 'java/lang/NoSuchMethodError'{0x000000071079f400}: 'int java.lang.invoke.DirectMethodHandle$Holder.invokeSpecialIFC(java.lang.Object, java.lang.Object, int)'> (0x000000071079f400) thrown at [./src/hotspot/share/interpreter/linkResolver.cpp, line 773]
Event: 1.054 Thread 0x000001cd85c5e000 Exception <a 'sun/nio/fs/WindowsException'{0x0000000710512f10}> (0x0000000710512f10) thrown at [./src/hotspot/share/prims/jni.cpp, line 616]
Event: 1.054 Thread 0x000001cd85c5e000 Exception <a 'java/lang/NoSuchMethodError'{0x0000000710513ba8}: 'int java.lang.invoke.DirectMethodHandle$Holder.invokeInterface(java.lang.Object, java.lang.Object)'> (0x0000000710513ba8) thrown at [./src/hotspot/share/interpreter/linkResolver.cpp, line 773]
Event: 1.056 Thread 0x000001cd85c5e000 Exception <a 'java/lang/NoSuchMethodError'{0x000000071051d318}: 'void java.lang.invoke.DirectMethodHandle$Holder.invokeStatic(java.lang.Object, int, java.lang.Object)'> (0x000000071051d318) thrown at [./src/hotspot/share/interpreter/linkResolver.cpp, line 773]
Event: 1.060 Thread 0x000001cd85c5e000 Exception <a 'java/lang/NoSuchMethodError'{0x000000071052ee98}: 'java.lang.Object java.lang.invoke.Invokers$Holder.linkToTargetMethod(java.lang.Object, java.lang.Object, java.lang.Object, java.lang.Object, java.lang.Object, java.lang.Object)'> (0x000000071052ee98) thrown at [./src/hotspot/share/interpreter/linkResolver.cpp, line 773]

Events (20 events):
Event: 1.153 loading class com/android/tools/analytics/Environment$Companion
Event: 1.153 loading class com/android/tools/analytics/Environment$Companion done
Event: 1.153 loading class com/android/tools/analytics/Environment$Companion$SYSTEM$1
Event: 1.153 loading class com/android/tools/analytics/Environment$Companion$SYSTEM$1 done
Event: 1.153 loading class com/android/tools/analytics/Environment$SystemProperty
Event: 1.153 loading class com/android/tools/analytics/Environment$SystemProperty done
Event: 1.154 loading class com/google/wireless/android/sdk/stats/ProductDetails$CpuArchitecture
Event: 1.154 loading class com/google/wireless/android/sdk/stats/ProductDetails$CpuArchitecture done
Event: 1.154 loading class com/google/protobuf/ProtocolMessageEnum
Event: 1.154 loading class com/google/protobuf/ProtocolMessageEnum done
Event: 1.155 loading class com/google/protobuf/Internal$EnumLite
Event: 1.155 loading class com/google/protobuf/Internal$EnumLite done
Event: 1.155 loading class com/google/protobuf/Internal$EnumLiteMap
Event: 1.155 loading class com/google/protobuf/Internal$EnumLiteMap done
Event: 1.155 loading class com/google/wireless/android/sdk/stats/ProductDetails$CpuArchitecture$1
Event: 1.155 loading class com/google/wireless/android/sdk/stats/ProductDetails$CpuArchitecture$1 done
Event: 1.155 loading class com/android/repository/impl/meta/Archive$1
Event: 1.155 loading class com/android/repository/impl/meta/Archive$1 done
Event: 1.303 Executing VM operation: ICBufferFull
Event: 1.303 Executing VM operation: ICBufferFull done


Dynamic libraries:
0x00007ff73c1a0000 - 0x00007ff73c1ad000 	E:\Unity\Unity Hub\2022.3.2f1\Editor\Data\PlaybackEngines\AndroidPlayer\OpenJDK\bin\java.exe
0x00007ff8f40b0000 - 0x00007ff8f42c4000 	C:\WINDOWS\SYSTEM32\ntdll.dll
0x00007ff8f2fe0000 - 0x00007ff8f30a2000 	C:\WINDOWS\System32\KERNEL32.DLL
0x00007ff8f1710000 - 0x00007ff8f1ab3000 	C:\WINDOWS\System32\KERNELBASE.dll
0x00007ff8f1d00000 - 0x00007ff8f1e11000 	C:\WINDOWS\System32\ucrtbase.dll
0x00007ff8e0fc0000 - 0x00007ff8e0fd7000 	E:\Unity\Unity Hub\2022.3.2f1\Editor\Data\PlaybackEngines\AndroidPlayer\OpenJDK\bin\jli.dll
0x00007ff8cfb80000 - 0x00007ff8cfb95000 	E:\Unity\Unity Hub\2022.3.2f1\Editor\Data\PlaybackEngines\AndroidPlayer\OpenJDK\bin\VCRUNTIME140.dll
0x00007ff8f3ab0000 - 0x00007ff8f3c5b000 	C:\WINDOWS\System32\USER32.dll
0x00007ff8f1620000 - 0x00007ff8f1646000 	C:\WINDOWS\System32\win32u.dll
0x00007ff8df050000 - 0x00007ff8df2de000 	C:\WINDOWS\WinSxS\amd64_microsoft.windows.common-controls_6595b64144ccf1df_6.0.22621.1635_none_270f70857386168e\COMCTL32.dll
0x00007ff8f2120000 - 0x00007ff8f2149000 	C:\WINDOWS\System32\GDI32.dll
0x00007ff8f2070000 - 0x00007ff8f2117000 	C:\WINDOWS\System32\msvcrt.dll
0x00007ff8f1b40000 - 0x00007ff8f1c59000 	C:\WINDOWS\System32\gdi32full.dll
0x00007ff8f1c60000 - 0x00007ff8f1cfa000 	C:\WINDOWS\System32\msvcp_win.dll
0x00007ff8f3990000 - 0x00007ff8f39c1000 	C:\WINDOWS\System32\IMM32.DLL
0x00007ff8aa820000 - 0x00007ff8aa8bb000 	E:\Unity\Unity Hub\2022.3.2f1\Editor\Data\PlaybackEngines\AndroidPlayer\OpenJDK\bin\msvcp140.dll
0x00007ff874d20000 - 0x00007ff8758a1000 	E:\Unity\Unity Hub\2022.3.2f1\Editor\Data\PlaybackEngines\AndroidPlayer\OpenJDK\bin\server\jvm.dll
0x00007ff8f1fc0000 - 0x00007ff8f206e000 	C:\WINDOWS\System32\ADVAPI32.dll
0x00007ff8f3f00000 - 0x00007ff8f3fa4000 	C:\WINDOWS\System32\sechost.dll
0x00007ff8f3650000 - 0x00007ff8f3767000 	C:\WINDOWS\System32\RPCRT4.dll
0x00007ff8f3110000 - 0x00007ff8f3118000 	C:\WINDOWS\System32\PSAPI.DLL
0x00007ff8e8570000 - 0x00007ff8e85a4000 	C:\WINDOWS\SYSTEM32\WINMM.dll
0x00007ff8d2740000 - 0x00007ff8d2749000 	C:\WINDOWS\SYSTEM32\WSOCK32.dll
0x00007ff8e94c0000 - 0x00007ff8e94ca000 	C:\WINDOWS\SYSTEM32\VERSION.dll
0x00007ff8f2310000 - 0x00007ff8f2381000 	C:\WINDOWS\System32\WS2_32.dll
0x00007ff8f04c0000 - 0x00007ff8f04d8000 	C:\WINDOWS\SYSTEM32\kernel.appcore.dll
0x00007ff8e86d0000 - 0x00007ff8e86e0000 	E:\Unity\Unity Hub\2022.3.2f1\Editor\Data\PlaybackEngines\AndroidPlayer\OpenJDK\bin\verify.dll
0x00007ff8eee40000 - 0x00007ff8ef06e000 	C:\WINDOWS\SYSTEM32\DBGHELP.DLL
0x00007ff8f2c10000 - 0x00007ff8f2f99000 	C:\WINDOWS\System32\combase.dll
0x00007ff8f39d0000 - 0x00007ff8f3aa7000 	C:\WINDOWS\System32\OLEAUT32.dll
0x00007ff8cf6b0000 - 0x00007ff8cf6e2000 	C:\WINDOWS\SYSTEM32\dbgcore.DLL
0x00007ff8f1ac0000 - 0x00007ff8f1b3b000 	C:\WINDOWS\System32\bcryptPrimitives.dll
0x00007ff8c0660000 - 0x00007ff8c0688000 	E:\Unity\Unity Hub\2022.3.2f1\Editor\Data\PlaybackEngines\AndroidPlayer\OpenJDK\bin\java.dll
0x00007ff8e3270000 - 0x00007ff8e327a000 	E:\Unity\Unity Hub\2022.3.2f1\Editor\Data\PlaybackEngines\AndroidPlayer\OpenJDK\bin\jimage.dll
0x00007ff8c9e70000 - 0x00007ff8c9e88000 	E:\Unity\Unity Hub\2022.3.2f1\Editor\Data\PlaybackEngines\AndroidPlayer\OpenJDK\bin\zip.dll
0x00007ff8f2390000 - 0x00007ff8f2b8a000 	C:\WINDOWS\System32\SHELL32.dll
0x00007ff8ef460000 - 0x00007ff8efd2e000 	C:\WINDOWS\SYSTEM32\windows.storage.dll
0x00007ff8ef320000 - 0x00007ff8ef45e000 	C:\WINDOWS\SYSTEM32\wintypes.dll
0x00007ff8f3890000 - 0x00007ff8f3981000 	C:\WINDOWS\System32\SHCORE.dll
0x00007ff8f3770000 - 0x00007ff8f37ce000 	C:\WINDOWS\System32\shlwapi.dll
0x00007ff8f13e0000 - 0x00007ff8f1401000 	C:\WINDOWS\SYSTEM32\profapi.dll
0x00007ff8c8ce0000 - 0x00007ff8c8cf9000 	E:\Unity\Unity Hub\2022.3.2f1\Editor\Data\PlaybackEngines\AndroidPlayer\OpenJDK\bin\net.dll
0x00007ff8e8c60000 - 0x00007ff8e8d97000 	C:\WINDOWS\SYSTEM32\WINHTTP.dll
0x00007ff8f0920000 - 0x00007ff8f0989000 	C:\WINDOWS\system32\mswsock.dll
0x00007ff8c79b0000 - 0x00007ff8c79c3000 	E:\Unity\Unity Hub\2022.3.2f1\Editor\Data\PlaybackEngines\AndroidPlayer\OpenJDK\bin\nio.dll

dbghelp: loaded successfully - version: 4.0.5 - missing functions: none
symbol engine: initialized successfully - sym options: 0x614 - pdb path: .;E:\Unity\Unity Hub\2022.3.2f1\Editor\Data\PlaybackEngines\AndroidPlayer\OpenJDK\bin;C:\WINDOWS\SYSTEM32;C:\WINDOWS\WinSxS\amd64_microsoft.windows.common-controls_6595b64144ccf1df_6.0.22621.1635_none_270f70857386168e;E:\Unity\Unity Hub\2022.3.2f1\Editor\Data\PlaybackEngines\AndroidPlayer\OpenJDK\bin\server

VM Arguments:
jvm_args: -Dfile.encoding=UTF-8 -Dcom.android.sdklib.toolsdir=E:\Unity\Unity Hub\2022.3.2f1\Editor\Data\PlaybackEngines\AndroidPlayer\SDK\cmdline-tools\6.0\bin\\.. 
java_command: com.android.sdklib.tool.sdkmanager.SdkManagerCli --list
java_class_path (initial): E:\Unity\Unity Hub\2022.3.2f1\Editor\Data\PlaybackEngines\AndroidPlayer\SDK\cmdline-tools\6.0\bin\..\lib\sdkmanager-classpath.jar
Launcher Type: SUN_STANDARD

[Global flags]
     intx CICompilerCount                          = 4                                         {product} {ergonomic}
     uint ConcGCThreads                            = 3                                         {product} {ergonomic}
     uint G1ConcRefinementThreads                  = 10                                        {product} {ergonomic}
   size_t G1HeapRegionSize                         = 1048576                                   {product} {ergonomic}
    uintx GCDrainStackTargetSize                   = 64                                        {product} {ergonomic}
   size_t InitialHeapSize                          = 268435456                                 {product} {ergonomic}
   size_t MarkStackSize                            = 4194304                                   {product} {ergonomic}
   size_t MaxHeapSize                              = 4276092928                                {product} {ergonomic}
   size_t MaxNewSize                               = 2564816896                                {product} {ergonomic}
   size_t MinHeapDeltaBytes                        = 1048576                                   {product} {ergonomic}
    uintx NonNMethodCodeHeapSize                   = 5836300                                {pd product} {ergonomic}
    uintx NonProfiledCodeHeapSize                  = 122910970                              {pd product} {ergonomic}
    uintx ProfiledCodeHeapSize                     = 122910970                              {pd product} {ergonomic}
    uintx ReservedCodeCacheSize                    = 251658240                              {pd product} {ergonomic}
     bool SegmentedCodeCache                       = true                                      {product} {ergonomic}
     bool UseCompressedClassPointers               = true                                 {lp64_product} {ergonomic}
     bool UseCompressedOops                        = true                                 {lp64_product} {ergonomic}
     bool UseG1GC                                  = true                                      {product} {ergonomic}
     bool UseLargePagesIndividualAllocation        = false                                  {pd product} {ergonomic}

Logging:
Log output configuration:
 #0: stdout all=warning uptime,level,tags
 #1: stderr all=off uptime,level,tags

Environment Variables:
JAVA_HOME=E:\Unity\Unity Hub\2022.3.2f1\Editor\Data\PlaybackEngines\AndroidPlayer\OpenJDK
JAVA_TOOL_OPTIONS=-Dfile.encoding=UTF-8
CLASSPATH=E:\Unity\Unity Hub\2022.3.2f1\Editor\Data\PlaybackEngines\AndroidPlayer\SDK\cmdline-tools\6.0\bin\..\lib\sdkmanager-classpath.jar
PATH=C:\Program Files\Oculus\Support\oculus-runtime;C:\Windows\system32;C:\Windows;C:\Windows\System32\Wbem;C:\Windows\System32\WindowsPowerShell\v1.0\;C:\Windows\System32\OpenSSH\;C:\Program Files\NVIDIA Corporation\NVIDIA NvDLISR;C:\WINDOWS\system32;C:\WINDOWS;C:\WINDOWS\System32\Wbem;C:\WINDOWS\System32\WindowsPowerShell\v1.0\;C:\WINDOWS\System32\OpenSSH\;C:\Program Files\Docker\Docker\resources\bin;C:\Program Files\Microsoft VS Code\bin;C:\Program Files (x86)\NVIDIA Corporation\PhysX\Common;C:\Users\moham\AppData\Local\Microsoft\WindowsApps;C:\Users\moham\AppData\Local\Pandoc\;
USERNAME=moham
OS=Windows_NT
PROCESSOR_IDENTIFIER=Intel64 Family 6 Model 158 Stepping 13, GenuineIntel



---------------  S Y S T E M  ---------------

OS: Windows 11 , 64 bit Build 22621 (10.0.22621.1778)
OS uptime: 0 days 22:29 hours
Hyper-V role detected

CPU:total 12 (initial active 12) (6 cores per cpu, 2 threads per core) family 6 model 158 stepping 13 microcode 0xea, cmov, cx8, fxsr, mmx, sse, sse2, sse3, ssse3, sse4.1, sse4.2, popcnt, avx, avx2, aes, clmul, erms, 3dnowpref, lzcnt, ht, tsc, tscinvbit, bmi1, bmi2, adx, fma

Memory: 4k page, system-wide physical 16304M (1264M free)
TotalPageFile size 41904M (AvailPageFile size 11M)
current process WorkingSet (physical memory assigned to process): 189M, peak: 189M
current process commit charge ("private bytes"): 393M, peak: 394M

vm_info: OpenJDK 64-Bit Server VM (11.0.14.1+1) for windows-amd64 JRE (11.0.14.1+1), built on Feb  9 2022 01:48:27 by "" with unknown MS VC++:1916

END.
